[08:23:19] [main/INFO] (FabricLoader/GameProvider) Loading Minecraft 1.21.7 with Fabric Loader 0.16.14
[08:23:20] [main/INFO] (FabricLoader) Loading 49 mods:
	- fabric-api 0.129.0+1.21.7
	- fabric-api-base 0.4.64+9ec45cd86c
	- fabric-api-lookup-api-v1 1.6.100+946bf4c36c
	- fabric-biome-api-v1 16.0.11+946bf4c36c
	- fabric-block-api-v1 1.1.3+946bf4c36c
	- fabric-block-view-api-v2 1.0.31+946bf4c36c
	- fabric-client-gametest-api-v1 4.2.5+8a98c3fc6c
	- fabric-command-api-v2 2.2.53+946bf4c36c
	- fabric-content-registries-v0 10.0.18+946bf4c36c
	- fabric-convention-tags-v1 2.1.40+7f945d5b6c
	- fabric-convention-tags-v2 2.15.5+eb5df52f6c
	- fabric-crash-report-info-v1 0.3.15+946bf4c36c
	- fabric-data-attachment-api-v1 1.8.10+946bf4c36c
	- fabric-data-generation-api-v1 23.2.4+55e55d296c
	- fabric-dimensions-v1 4.0.19+946bf4c36c
	- fabric-entity-events-v1 2.1.1+c9e472736c
	- fabric-events-interaction-v0 4.0.23+946bf4c36c
	- fabric-game-rule-api-v1 1.0.73+c64c9c5b6c
	- fabric-gametest-api-v1 3.1.9+39ce47f56c
	- fabric-item-api-v1 11.4.3+946bf4c36c
	- fabric-item-group-api-v1 4.2.13+946bf4c36c
	- fabric-key-binding-api-v1 1.0.65+946bf4c36c
	- fabric-lifecycle-events-v1 2.6.3+db4dfd856c
	- fabric-loot-api-v2 3.0.55+3f89f5a56c
	- fabric-loot-api-v3 2.0.2+946bf4c36c
	- fabric-message-api-v1 6.1.1+946bf4c36c
	- fabric-model-loading-api-v1 5.2.5+946bf4c36c
	- fabric-networking-api-v1 5.0.1+946bf4c36c
	- fabric-object-builder-api-v1 21.1.7+946bf4c36c
	- fabric-particles-v1 4.1.7+946bf4c36c
	- fabric-recipe-api-v1 8.1.14+946bf4c36c
	- fabric-registry-sync-v0 6.1.27+946bf4c36c
	- fabric-renderer-api-v1 7.0.2+946bf4c36c
	- fabric-renderer-indigo 4.0.2+946bf4c36c
	- fabric-rendering-fluids-v1 3.1.30+fa6cb72b6c
	- fabric-rendering-v1 12.4.0+e8d43c766c
	- fabric-resource-conditions-api-v1 5.0.24+946bf4c36c
	- fabric-resource-loader-v0 3.1.11+946bf4c36c
	- fabric-screen-api-v1 2.1.0+277ecf7d6c
	- fabric-screen-handler-api-v1 1.3.136+946bf4c36c
	- fabric-sound-api-v1 1.0.42+946bf4c36c
	- fabric-tag-api-v1 1.2.1+946bf4c36c
	- fabric-transfer-api-v1 6.0.5+946bf4c36c
	- fabric-transitive-access-wideners-v1 6.4.1+ac3e15d16c
	- fabricloader 0.16.14
	- java 21
	- minecraft 1.21.7
	- mixinextras 0.4.1
	- persistentarrows 1.2
[08:23:20] [main/INFO] (FabricLoader/Mixin) SpongePowered MIXIN Subsystem Version=0.8.7 Source=file:/C:/Users/MSI/.gradle/caches/modules-2/files-2.1/net.fabricmc/sponge-mixin/0.15.5+mixin.0.8.7/22f9eb729e216a091673a574a5906dc1b9027fb3/sponge-mixin-0.15.5+mixin.0.8.7.jar Service=Knot/Fabric Env=CLIENT
[08:23:21] [main/INFO] (FabricLoader/Mixin) Loaded Fabric development mappings for mixin remapper!
[08:23:21] [main/INFO] (FabricLoader/Mixin) Compatibility level set to JAVA_21
[08:23:21] [main/WARN] (FabricLoader/Mixin) Reference map 'persistentarrows.refmap.json' for persistentarrows.mixins.json could not be read. If this is a development environment you can ignore this message
[08:23:25] [main/INFO] (FabricLoader/MixinExtras|Service) Initializing MixinExtras via com.llamalad7.mixinextras.service.MixinExtrasServiceImpl(version=0.4.1).
[08:23:29] [Datafixer Bootstrap/INFO] (Minecraft) 269 Datafixer optimizations took 1656 milliseconds
[08:23:45] [Render thread/INFO] (Minecraft) Environment: Environment[sessionHost=https://sessionserver.mojang.com, servicesHost=https://api.minecraftservices.com, name=PROD]
[08:23:45] [Render thread/INFO] (Minecraft) Setting user: Player459
[08:23:45] [Render thread/INFO] (persistentarrows) Persistent Arrows mod initialized! Bringing Bedrock Edition arrow behavior to Java Edition.
[08:23:45] [Render thread/INFO] (Indigo) [Indigo] Registering Indigo renderer!
[08:23:47] [Render thread/INFO] (Minecraft) Backend library: LWJGL version 3.3.3-snapshot
[08:23:48] [Render thread/INFO] (Minecraft) Using optional rendering extensions: GL_ARB_buffer_storage, GL_KHR_debug, GL_ARB_vertex_attrib_binding, GL_ARB_direct_state_access
[08:23:49] [Render thread/INFO] (Minecraft) Reloading ResourceManager: vanilla, fabric, fabric-api, fabric-api-base, fabric-api-lookup-api-v1, fabric-biome-api-v1, fabric-block-api-v1, fabric-block-view-api-v2, fabric-client-gametest-api-v1, fabric-command-api-v2, fabric-content-registries-v0, fabric-convention-tags-v1, fabric-convention-tags-v2, fabric-crash-report-info-v1, fabric-data-attachment-api-v1, fabric-data-generation-api-v1, fabric-dimensions-v1, fabric-entity-events-v1, fabric-events-interaction-v0, fabric-game-rule-api-v1, fabric-gametest-api-v1, fabric-item-api-v1, fabric-item-group-api-v1, fabric-key-binding-api-v1, fabric-lifecycle-events-v1, fabric-loot-api-v2, fabric-loot-api-v3, fabric-message-api-v1, fabric-model-loading-api-v1, fabric-networking-api-v1, fabric-object-builder-api-v1, fabric-particles-v1, fabric-recipe-api-v1, fabric-registry-sync-v0, fabric-renderer-api-v1, fabric-renderer-indigo, fabric-rendering-fluids-v1, fabric-rendering-v1, fabric-resource-conditions-api-v1, fabric-resource-loader-v0, fabric-screen-api-v1, fabric-screen-handler-api-v1, fabric-sound-api-v1, fabric-tag-api-v1, fabric-transfer-api-v1, fabric-transitive-access-wideners-v1, fabricloader
[08:23:50] [Worker-Main-10/INFO] (Minecraft) Found unifont_pua-16.0.03.hex, loading
[08:23:50] [Worker-Main-9/INFO] (Minecraft) Found unifont_all_no_pua-16.0.03.hex, loading
[08:23:52] [Worker-Main-7/INFO] (Minecraft) Found unifont_jp_patch-16.0.03.hex, loading
[08:23:56] [Render thread/INFO] (Minecraft) OpenAL initialized on device OpenAL Soft on Speakers (Realtek(R) Audio)
[08:23:56] [Render thread/INFO] (Minecraft) Sound engine started
[08:23:56] [Render thread/INFO] (Minecraft) Created: 1024x512x4 minecraft:textures/atlas/blocks.png-atlas
[08:23:57] [Render thread/INFO] (Minecraft) Created: 256x256x4 minecraft:textures/atlas/signs.png-atlas
[08:23:57] [Render thread/INFO] (Minecraft) Created: 512x512x4 minecraft:textures/atlas/banner_patterns.png-atlas
[08:23:57] [Render thread/INFO] (Minecraft) Created: 512x512x4 minecraft:textures/atlas/shield_patterns.png-atlas
[08:23:57] [Render thread/INFO] (Minecraft) Created: 2048x1024x4 minecraft:textures/atlas/armor_trims.png-atlas
[08:23:57] [Render thread/INFO] (Minecraft) Created: 256x256x4 minecraft:textures/atlas/chest.png-atlas
[08:23:57] [Render thread/INFO] (Minecraft) Created: 128x64x4 minecraft:textures/atlas/decorated_pot.png-atlas
[08:23:57] [Render thread/INFO] (Minecraft) Created: 512x256x4 minecraft:textures/atlas/beds.png-atlas
[08:23:57] [Render thread/INFO] (Minecraft) Created: 512x256x4 minecraft:textures/atlas/shulker_boxes.png-atlas
[08:23:57] [Render thread/INFO] (Minecraft) Created: 64x64x0 minecraft:textures/atlas/map_decorations.png-atlas
[08:23:58] [Render thread/INFO] (Minecraft) Created: 512x256x0 minecraft:textures/atlas/particles.png-atlas
[08:23:58] [Render thread/INFO] (Minecraft) Created: 512x256x0 minecraft:textures/atlas/paintings.png-atlas
[08:23:58] [Render thread/INFO] (Minecraft) Created: 1024x512x0 minecraft:textures/atlas/gui.png-atlas
[08:24:09] [Render thread/INFO] (Minecraft) Loaded 1407 recipes
[08:24:09] [Render thread/INFO] (Minecraft) Loaded 1520 advancements
[08:24:10] [Render thread/INFO] (BiomeModificationImpl) Applied 0 biome modifications to 0 of 65 new biomes in 4.233 ms
[08:24:10] [Server thread/INFO] (Minecraft) Starting integrated minecraft server version 1.21.7
[08:24:10] [Server thread/INFO] (Minecraft) Generating keypair
[08:24:11] [Server thread/INFO] (Minecraft) Preparing start region for dimension minecraft:overworld
[08:24:15] [Render thread/INFO] (Minecraft) Preparing spawn area: 0%
[08:24:15] [Render thread/INFO] (Minecraft) Preparing spawn area: 0%
[08:24:15] [Render thread/INFO] (Minecraft) Preparing spawn area: 0%
[08:24:15] [Render thread/INFO] (Minecraft) Preparing spawn area: 0%
[08:24:15] [Render thread/INFO] (Minecraft) Preparing spawn area: 0%
[08:24:15] [Render thread/INFO] (Minecraft) Preparing spawn area: 0%
[08:24:15] [Render thread/INFO] (Minecraft) Preparing spawn area: 0%
[08:24:15] [Render thread/INFO] (Minecraft) Preparing spawn area: 0%
[08:24:15] [Render thread/INFO] (Minecraft) Preparing spawn area: 0%
[08:24:16] [Render thread/INFO] (Minecraft) Time elapsed: 4445 ms
[08:24:16] [Server thread/INFO] (Minecraft) Changing view distance to 12, from 10
[08:24:16] [Server thread/INFO] (Minecraft) Changing simulation distance to 12, from 0
[08:24:18] [Server thread/INFO] (Minecraft) Player459[local:E:b18a60a9] logged in with entity id 63 at (-0.9362897767304825, 71.92257657597078, 143.46426033754207)
[08:24:19] [Server thread/INFO] (Minecraft) Player459 joined the game
[08:24:19] [Render thread/INFO] (Minecraft) Resizing Dynamic Transforms UBO, capacity limit of 2 reached during a single frame. New capacity will be 4.
[08:24:19] [Render thread/INFO] (Minecraft) Resizing Dynamic Transforms UBO, capacity limit of 4 reached during a single frame. New capacity will be 8.
[08:24:19] [Render thread/INFO] (Minecraft) Loaded 8 advancements
[08:24:20] [Render thread/INFO] (Minecraft) Resizing Dynamic Transforms UBO, capacity limit of 8 reached during a single frame. New capacity will be 16.
[08:24:21] [Render thread/INFO] (Minecraft) Resizing Dynamic Transforms UBO, capacity limit of 16 reached during a single frame. New capacity will be 32.
[08:24:22] [Render thread/INFO] (Minecraft) Resizing Dynamic Transforms UBO, capacity limit of 32 reached during a single frame. New capacity will be 64.
[08:24:22] [Render thread/INFO] (Minecraft) Resizing Dynamic Transforms UBO, capacity limit of 64 reached during a single frame. New capacity will be 128.
[08:24:23] [Render thread/INFO] (Minecraft) Resizing Dynamic Transforms UBO, capacity limit of 128 reached during a single frame. New capacity will be 256.
[08:24:25] [Render thread/INFO] (Minecraft) Resizing Dynamic Transforms UBO, capacity limit of 256 reached during a single frame. New capacity will be 512.
[08:24:25] [Render thread/INFO] (Minecraft) [System] [CHAT] [Debug]: Hitboxes: shown
[08:24:29] [Server thread/INFO] (persistentarrows) [PersistentArrows Debug] Storing arrow data - Type: item.minecraft.tipped_arrow
[08:24:29] [Server thread/INFO] (persistentarrows) [PersistentArrows Debug] Started tracking lingering arrow: 23344459-bda7-4805-bad9-18b718f5e180 at (-2.4735657028611175, 62.242642018431006, 143.4948831472309)
[08:24:29] [Server thread/INFO] (persistentarrows) [PersistentArrows Debug] Total tracked arrows: 1
[08:24:31] [Render thread/INFO] (Minecraft) Resizing Dynamic Transforms UBO, capacity limit of 512 reached during a single frame. New capacity will be 1024.
[08:24:51] [Server thread/INFO] (persistentarrows) [PersistentArrows Debug] Storing arrow data - Type: item.minecraft.tipped_arrow
[08:24:51] [Server thread/INFO] (persistentarrows) [PersistentArrows Debug] Started tracking lingering arrow: e767f831-31b2-4b0e-be31-eacc840e4b5b at (-2.1803097201671044, 61.70422603818281, 143.52400391178085)
[08:24:51] [Server thread/INFO] (persistentarrows) [PersistentArrows Debug] Total tracked arrows: 2
[08:25:10] [Server thread/INFO] (Minecraft) [Player459: Set the time to 1000]
[08:25:10] [Render thread/INFO] (Minecraft) [System] [CHAT] Set the time to 1000
[08:25:17] [Server thread/INFO] (Minecraft) [Player459: Gamerule doDaylightCycle is now set to: false]
[08:25:17] [Render thread/INFO] (Minecraft) [System] [CHAT] Gamerule doDaylightCycle is now set to: false
[08:25:22] [Server thread/INFO] (persistentarrows) [PersistentArrows Debug] ARROW HIT EVENT:
[08:25:22] [Server thread/INFO] (persistentarrows) [PersistentArrows Debug]   Arrow UUID: 23344459-bda7-4805-bad9-18b718f5e180
[08:25:22] [Server thread/INFO] (persistentarrows) [PersistentArrows Debug]   Arrow Type: ArrowEntity
[08:25:22] [Server thread/INFO] (persistentarrows) [PersistentArrows Debug]   Target: entity.minecraft.silverfish (UUID: fa24360a-2508-4624-b094-dc31455ab795)
[08:25:22] [Server thread/INFO] (persistentarrows) [PersistentArrows Debug]   Target Health: 8.0/8.0
[08:25:22] [Server thread/INFO] (persistentarrows) [PersistentArrows Debug]   Target Position: BlockPos{x=-3, y=63, z=143}
[08:25:22] [Server thread/INFO] (persistentarrows) [PersistentArrows Debug]   Arrow Position: BlockPos{x=-3, y=63, z=143}
[08:25:22] [Server thread/INFO] (persistentarrows) [PersistentArrows Debug]   World: SERVER
[08:25:22] [Server thread/INFO] (persistentarrows) [PersistentArrows Debug]   Arrow Item: item.minecraft.tipped_arrow
[08:25:22] [Server thread/INFO] (persistentarrows) [PersistentArrows Debug]   Is Lingering Potion: false
[08:25:22] [Server thread/INFO] (persistentarrows) [PersistentArrows Debug]   Arrow InGround: UNKNOWN (reflection failed)
[08:25:22] [Server thread/INFO] (persistentarrows) [PersistentArrows Debug]   Arrow Life: 0
[08:25:22] [Server thread/INFO] (persistentarrows) [PersistentArrows Debug] ================================================
[08:25:22] [Server thread/INFO] (persistentarrows) [PersistentArrows Debug] Tracked lingering arrow hit entity: entity.minecraft.silverfish
[08:25:22] [Server thread/INFO] (persistentarrows) [PersistentArrows Debug] Arrow ID: 23344459-bda7-4805-bad9-18b718f5e180
[08:25:22] [Server thread/INFO] (persistentarrows) [PersistentArrows Debug] Target Health: 8.0
[08:25:22] [Server thread/INFO] (persistentarrows) [PersistentArrows Debug] Lingering arrow impact details:
[08:25:22] [Server thread/INFO] (persistentarrows) [PersistentArrows Debug]   Arrow: 23344459-bda7-4805-bad9-18b718f5e180
[08:25:22] [Server thread/INFO] (persistentarrows) [PersistentArrows Debug]   Target: entity.minecraft.silverfish
[08:25:22] [Server thread/INFO] (persistentarrows) [PersistentArrows Debug]   Target Health: 8.0/8.0
[08:25:22] [Server thread/INFO] (persistentarrows) [PersistentArrows Debug]   Target Alive: true
[08:25:22] [Server thread/INFO] (persistentarrows) [PersistentArrows Debug] Arrow marked for respawn - target health: 8.0
[08:25:22] [Server thread/INFO] (Minecraft) Player459 has made the advancement [Take Aim]
[08:25:22] [Server thread/INFO] (persistentarrows) [PersistentArrows Debug] Stopped tracking arrow 23344459-bda7-4805-bad9-18b718f5e180 - Reason: Arrow removed: DISCARDED
[08:25:22] [Server thread/INFO] (persistentarrows) [PersistentArrows Debug] Total tracked arrows: 1
[08:25:22] [Server thread/INFO] (persistentarrows) [PersistentArrows Debug] Respawning arrow after despawn: 23344459-bda7-4805-bad9-18b718f5e180
[08:25:22] [Server thread/INFO] (persistentarrows) [PersistentArrows Debug] Respawning arrow: 23344459-bda7-4805-bad9-18b718f5e180
[08:25:22] [Server thread/INFO] (persistentarrows) [PersistentArrows Debug]   Type: item.minecraft.tipped_arrow
[08:25:22] [Server thread/INFO] (persistentarrows) [PersistentArrows Debug]   Position: (-2.4735657028611175, 62.242642018431006, 143.4948831472309)
[08:25:22] [Server thread/INFO] (persistentarrows) [PersistentArrows Debug] Storing arrow data - Type: item.minecraft.tipped_arrow
[08:25:22] [Server thread/INFO] (persistentarrows) [PersistentArrows Debug] Started tracking lingering arrow: bf70d509-f18c-44ae-863e-e65a96f7bebf at (-2.4735657028611175, 62.242642018431006, 143.4948831472309)
[08:25:22] [Server thread/INFO] (persistentarrows) [PersistentArrows Debug] Total tracked arrows: 2
[08:25:22] [Server thread/INFO] (persistentarrows) [PersistentArrows Debug] Started tracking respawned arrow: bf70d509-f18c-44ae-863e-e65a96f7bebf
[08:25:22] [Server thread/INFO] (persistentarrows) [PersistentArrows Debug] Successfully respawned and re-tracked arrow at (-2.4735657028611175, 62.242642018431006, 143.4948831472309)
[08:25:22] [Server thread/INFO] (persistentarrows) [PersistentArrows Debug] Arrow despawned, checking for respawn: 23344459-bda7-4805-bad9-18b718f5e180
[08:25:22] [Server thread/INFO] (Minecraft) Player459 has made the advancement [Monster Hunter]
[08:25:22] [Render thread/INFO] (Minecraft) [System] [CHAT] Player459 has made the advancement [Take Aim]
[08:25:22] [Render thread/INFO] (Minecraft) [System] [CHAT] Player459 has made the advancement [Monster Hunter]
[08:25:22] [Render thread/INFO] (Minecraft) Loaded 49 advancements
[08:25:47] [Server thread/INFO] (persistentarrows) [PersistentArrows Debug] ARROW HIT EVENT:
[08:25:47] [Server thread/INFO] (persistentarrows) [PersistentArrows Debug]   Arrow UUID: e767f831-31b2-4b0e-be31-eacc840e4b5b
[08:25:47] [Server thread/INFO] (persistentarrows) [PersistentArrows Debug]   Arrow Type: ArrowEntity
[08:25:47] [Server thread/INFO] (persistentarrows) [PersistentArrows Debug]   Target: entity.minecraft.silverfish (UUID: 2520859a-cfe0-4b7c-9830-431ca38d3677)
[08:25:47] [Server thread/INFO] (persistentarrows) [PersistentArrows Debug]   Target Health: 8.0/8.0
[08:25:47] [Server thread/INFO] (persistentarrows) [PersistentArrows Debug]   Target Position: BlockPos{x=-3, y=63, z=143}
[08:25:47] [Server thread/INFO] (persistentarrows) [PersistentArrows Debug]   Arrow Position: BlockPos{x=-3, y=62, z=143}
[08:25:47] [Server thread/INFO] (persistentarrows) [PersistentArrows Debug]   World: SERVER
[08:25:47] [Server thread/INFO] (persistentarrows) [PersistentArrows Debug]   Arrow Item: item.minecraft.tipped_arrow
[08:25:47] [Server thread/INFO] (persistentarrows) [PersistentArrows Debug]   Is Lingering Potion: false
[08:25:47] [Server thread/INFO] (persistentarrows) [PersistentArrows Debug]   Arrow InGround: UNKNOWN (reflection failed)
[08:25:47] [Server thread/INFO] (persistentarrows) [PersistentArrows Debug]   Arrow Life: 0
[08:25:47] [Server thread/INFO] (persistentarrows) [PersistentArrows Debug] ================================================
[08:25:47] [Server thread/INFO] (persistentarrows) [PersistentArrows Debug] Tracked lingering arrow hit entity: entity.minecraft.silverfish
[08:25:47] [Server thread/INFO] (persistentarrows) [PersistentArrows Debug] Arrow ID: e767f831-31b2-4b0e-be31-eacc840e4b5b
[08:25:47] [Server thread/INFO] (persistentarrows) [PersistentArrows Debug] Target Health: 8.0
[08:25:47] [Server thread/INFO] (persistentarrows) [PersistentArrows Debug] Lingering arrow impact details:
[08:25:47] [Server thread/INFO] (persistentarrows) [PersistentArrows Debug]   Arrow: e767f831-31b2-4b0e-be31-eacc840e4b5b
[08:25:47] [Server thread/INFO] (persistentarrows) [PersistentArrows Debug]   Target: entity.minecraft.silverfish
[08:25:47] [Server thread/INFO] (persistentarrows) [PersistentArrows Debug]   Target Health: 8.0/8.0
[08:25:47] [Server thread/INFO] (persistentarrows) [PersistentArrows Debug]   Target Alive: true
[08:25:47] [Server thread/INFO] (persistentarrows) [PersistentArrows Debug] Arrow marked for respawn - target health: 8.0
[08:25:47] [Server thread/INFO] (persistentarrows) [PersistentArrows Debug] Stopped tracking arrow e767f831-31b2-4b0e-be31-eacc840e4b5b - Reason: Arrow removed: DISCARDED
[08:25:47] [Server thread/INFO] (persistentarrows) [PersistentArrows Debug] Total tracked arrows: 1
[08:25:47] [Server thread/INFO] (persistentarrows) [PersistentArrows Debug] Respawning arrow after despawn: e767f831-31b2-4b0e-be31-eacc840e4b5b
[08:25:47] [Server thread/INFO] (persistentarrows) [PersistentArrows Debug] Respawning arrow: e767f831-31b2-4b0e-be31-eacc840e4b5b
[08:25:47] [Server thread/INFO] (persistentarrows) [PersistentArrows Debug]   Type: item.minecraft.tipped_arrow
[08:25:47] [Server thread/INFO] (persistentarrows) [PersistentArrows Debug]   Position: (-2.1803097201671044, 61.70422603818281, 143.52400391178085)
[08:25:47] [Server thread/INFO] (persistentarrows) [PersistentArrows Debug] Storing arrow data - Type: item.minecraft.tipped_arrow
[08:25:47] [Server thread/INFO] (persistentarrows) [PersistentArrows Debug] Started tracking lingering arrow: dcb851cf-7bb1-42ea-be48-70516be13fd7 at (-2.1803097201671044, 61.70422603818281, 143.52400391178085)
[08:25:47] [Server thread/INFO] (persistentarrows) [PersistentArrows Debug] Total tracked arrows: 2
[08:25:47] [Server thread/INFO] (persistentarrows) [PersistentArrows Debug] Started tracking respawned arrow: dcb851cf-7bb1-42ea-be48-70516be13fd7
[08:25:47] [Server thread/INFO] (persistentarrows) [PersistentArrows Debug] Successfully respawned and re-tracked arrow at (-2.1803097201671044, 61.70422603818281, 143.52400391178085)
[08:25:47] [Server thread/INFO] (persistentarrows) [PersistentArrows Debug] Arrow despawned, checking for respawn: e767f831-31b2-4b0e-be31-eacc840e4b5b
[08:25:59] [Server thread/INFO] (Minecraft) [Not Secure] <Player459> e
[08:25:59] [Render thread/INFO] (Minecraft) [CHAT] <Player459> e
[08:26:03] [Server thread/INFO] (Minecraft) [Player459: Set own game mode to Spectator Mode]
[08:26:03] [Render thread/INFO] (Minecraft) [System] [CHAT] Set own game mode to Spectator Mode
[08:26:06] [Render thread/INFO] (Minecraft) Resizing Dynamic Transforms UBO, capacity limit of 1024 reached during a single frame. New capacity will be 2048.
[08:26:08] [Server thread/INFO] (Minecraft) [Player459: Killed 6 entities]
[08:26:08] [Render thread/INFO] (Minecraft) [System] [CHAT] Killed 6 entities
[08:26:10] [Render thread/INFO] (Minecraft) Resizing Dynamic Transforms UBO, capacity limit of 2048 reached during a single frame. New capacity will be 4096.
[08:26:18] [Server thread/INFO] (Minecraft) [Player459: Set own game mode to Creative Mode]
[08:26:18] [Render thread/INFO] (Minecraft) [System] [CHAT] Set own game mode to Creative Mode
[08:26:20] [Server thread/INFO] (persistentarrows) [PersistentArrows Debug] ARROW HIT EVENT:
[08:26:20] [Server thread/INFO] (persistentarrows) [PersistentArrows Debug]   Arrow UUID: bf70d509-f18c-44ae-863e-e65a96f7bebf
[08:26:20] [Server thread/INFO] (persistentarrows) [PersistentArrows Debug]   Arrow Type: ArrowEntity
[08:26:20] [Server thread/INFO] (persistentarrows) [PersistentArrows Debug]   Target: entity.minecraft.silverfish (UUID: e466eed9-b1fd-4b6d-a791-07bfe8cb2e84)
[08:26:20] [Server thread/INFO] (persistentarrows) [PersistentArrows Debug]   Target Health: 8.0/8.0
[08:26:20] [Server thread/INFO] (persistentarrows) [PersistentArrows Debug]   Target Position: BlockPos{x=-3, y=62, z=143}
[08:26:20] [Server thread/INFO] (persistentarrows) [PersistentArrows Debug]   Arrow Position: BlockPos{x=-3, y=63, z=143}
[08:26:20] [Server thread/INFO] (persistentarrows) [PersistentArrows Debug]   World: SERVER
[08:26:20] [Server thread/INFO] (persistentarrows) [PersistentArrows Debug]   Arrow Item: item.minecraft.tipped_arrow
[08:26:20] [Server thread/INFO] (persistentarrows) [PersistentArrows Debug]   Is Lingering Potion: false
[08:26:20] [Server thread/INFO] (persistentarrows) [PersistentArrows Debug]   Arrow InGround: UNKNOWN (reflection failed)
[08:26:20] [Server thread/INFO] (persistentarrows) [PersistentArrows Debug]   Arrow Life: 0
[08:26:20] [Server thread/INFO] (persistentarrows) [PersistentArrows Debug] ================================================
[08:26:20] [Server thread/INFO] (persistentarrows) [PersistentArrows Debug] Tracked lingering arrow hit entity: entity.minecraft.silverfish
[08:26:20] [Server thread/INFO] (persistentarrows) [PersistentArrows Debug] Arrow ID: bf70d509-f18c-44ae-863e-e65a96f7bebf
[08:26:20] [Server thread/INFO] (persistentarrows) [PersistentArrows Debug] Target Health: 8.0
[08:26:20] [Server thread/INFO] (persistentarrows) [PersistentArrows Debug] Lingering arrow impact details:
[08:26:20] [Server thread/INFO] (persistentarrows) [PersistentArrows Debug]   Arrow: bf70d509-f18c-44ae-863e-e65a96f7bebf
[08:26:20] [Server thread/INFO] (persistentarrows) [PersistentArrows Debug]   Target: entity.minecraft.silverfish
[08:26:20] [Server thread/INFO] (persistentarrows) [PersistentArrows Debug]   Target Health: 8.0/8.0
[08:26:20] [Server thread/INFO] (persistentarrows) [PersistentArrows Debug]   Target Alive: true
[08:26:20] [Server thread/INFO] (persistentarrows) [PersistentArrows Debug] Arrow marked for respawn - target health: 8.0
[08:26:20] [Server thread/INFO] (persistentarrows) [PersistentArrows Debug] Stopped tracking arrow bf70d509-f18c-44ae-863e-e65a96f7bebf - Reason: Arrow removed: DISCARDED
[08:26:20] [Server thread/INFO] (persistentarrows) [PersistentArrows Debug] Total tracked arrows: 1
[08:26:20] [Server thread/INFO] (persistentarrows) [PersistentArrows Debug] Respawning arrow after despawn: bf70d509-f18c-44ae-863e-e65a96f7bebf
[08:26:20] [Server thread/INFO] (persistentarrows) [PersistentArrows Debug] Respawning arrow: bf70d509-f18c-44ae-863e-e65a96f7bebf
[08:26:20] [Server thread/INFO] (persistentarrows) [PersistentArrows Debug]   Type: item.minecraft.tipped_arrow
[08:26:20] [Server thread/INFO] (persistentarrows) [PersistentArrows Debug]   Position: (-2.4735657028611175, 62.242642018431006, 143.4948831472309)
[08:26:20] [Server thread/INFO] (persistentarrows) [PersistentArrows Debug] Storing arrow data - Type: item.minecraft.tipped_arrow
[08:26:20] [Server thread/INFO] (persistentarrows) [PersistentArrows Debug] Started tracking lingering arrow: c282df6b-a197-4ed6-bfd4-608d0a089907 at (-2.4735657028611175, 62.242642018431006, 143.4948831472309)
[08:26:20] [Server thread/INFO] (persistentarrows) [PersistentArrows Debug] Total tracked arrows: 2
[08:26:20] [Server thread/INFO] (persistentarrows) [PersistentArrows Debug] Started tracking respawned arrow: c282df6b-a197-4ed6-bfd4-608d0a089907
[08:26:20] [Server thread/INFO] (persistentarrows) [PersistentArrows Debug] Successfully respawned and re-tracked arrow at (-2.4735657028611175, 62.242642018431006, 143.4948831472309)
[08:26:20] [Server thread/INFO] (persistentarrows) [PersistentArrows Debug] Arrow despawned, checking for respawn: bf70d509-f18c-44ae-863e-e65a96f7bebf
[08:26:30] [Server thread/INFO] (persistentarrows) [PersistentArrows Debug] ARROW HIT EVENT:
[08:26:30] [Server thread/INFO] (persistentarrows) [PersistentArrows Debug]   Arrow UUID: c282df6b-a197-4ed6-bfd4-608d0a089907
[08:26:30] [Server thread/INFO] (persistentarrows) [PersistentArrows Debug]   Arrow Type: ArrowEntity
[08:26:30] [Server thread/INFO] (persistentarrows) [PersistentArrows Debug]   Target: entity.minecraft.silverfish (UUID: 609cf955-b7de-408c-82d0-c685bee49078)
[08:26:30] [Server thread/INFO] (persistentarrows) [PersistentArrows Debug]   Target Health: 8.0/8.0
[08:26:30] [Server thread/INFO] (persistentarrows) [PersistentArrows Debug]   Target Position: BlockPos{x=-3, y=62, z=143}
[08:26:30] [Server thread/INFO] (persistentarrows) [PersistentArrows Debug]   Arrow Position: BlockPos{x=-3, y=63, z=143}
[08:26:30] [Server thread/INFO] (persistentarrows) [PersistentArrows Debug]   World: SERVER
[08:26:30] [Server thread/INFO] (persistentarrows) [PersistentArrows Debug]   Arrow Item: item.minecraft.tipped_arrow
[08:26:30] [Server thread/INFO] (persistentarrows) [PersistentArrows Debug]   Is Lingering Potion: false
[08:26:30] [Server thread/INFO] (persistentarrows) [PersistentArrows Debug]   Arrow InGround: UNKNOWN (reflection failed)
[08:26:30] [Server thread/INFO] (persistentarrows) [PersistentArrows Debug]   Arrow Life: 0
[08:26:30] [Server thread/INFO] (persistentarrows) [PersistentArrows Debug] ================================================
[08:26:30] [Server thread/INFO] (persistentarrows) [PersistentArrows Debug] Tracked lingering arrow hit entity: entity.minecraft.silverfish
[08:26:30] [Server thread/INFO] (persistentarrows) [PersistentArrows Debug] Arrow ID: c282df6b-a197-4ed6-bfd4-608d0a089907
[08:26:30] [Server thread/INFO] (persistentarrows) [PersistentArrows Debug] Target Health: 8.0
[08:26:30] [Server thread/INFO] (persistentarrows) [PersistentArrows Debug] Lingering arrow impact details:
[08:26:30] [Server thread/INFO] (persistentarrows) [PersistentArrows Debug]   Arrow: c282df6b-a197-4ed6-bfd4-608d0a089907
[08:26:30] [Server thread/INFO] (persistentarrows) [PersistentArrows Debug]   Target: entity.minecraft.silverfish
[08:26:30] [Server thread/INFO] (persistentarrows) [PersistentArrows Debug]   Target Health: 8.0/8.0
[08:26:30] [Server thread/INFO] (persistentarrows) [PersistentArrows Debug]   Target Alive: true
[08:26:30] [Server thread/INFO] (persistentarrows) [PersistentArrows Debug] Arrow marked for respawn - target health: 8.0
[08:26:30] [Server thread/INFO] (persistentarrows) [PersistentArrows Debug] Stopped tracking arrow c282df6b-a197-4ed6-bfd4-608d0a089907 - Reason: Arrow removed: DISCARDED
[08:26:30] [Server thread/INFO] (persistentarrows) [PersistentArrows Debug] Total tracked arrows: 1
[08:26:30] [Server thread/INFO] (persistentarrows) [PersistentArrows Debug] Respawning arrow after despawn: c282df6b-a197-4ed6-bfd4-608d0a089907
[08:26:30] [Server thread/INFO] (persistentarrows) [PersistentArrows Debug] Respawning arrow: c282df6b-a197-4ed6-bfd4-608d0a089907
[08:26:30] [Server thread/INFO] (persistentarrows) [PersistentArrows Debug]   Type: item.minecraft.tipped_arrow
[08:26:30] [Server thread/INFO] (persistentarrows) [PersistentArrows Debug]   Position: (-2.4735657028611175, 62.242642018431006, 143.4948831472309)
[08:26:30] [Server thread/INFO] (persistentarrows) [PersistentArrows Debug] Storing arrow data - Type: item.minecraft.tipped_arrow
[08:26:30] [Server thread/INFO] (persistentarrows) [PersistentArrows Debug] Started tracking lingering arrow: 4072fb09-1188-4dbf-bcbc-2d5c47f74bbc at (-2.4735657028611175, 62.242642018431006, 143.4948831472309)
[08:26:30] [Server thread/INFO] (persistentarrows) [PersistentArrows Debug] Total tracked arrows: 2
[08:26:30] [Server thread/INFO] (persistentarrows) [PersistentArrows Debug] Started tracking respawned arrow: 4072fb09-1188-4dbf-bcbc-2d5c47f74bbc
[08:26:30] [Server thread/INFO] (persistentarrows) [PersistentArrows Debug] Successfully respawned and re-tracked arrow at (-2.4735657028611175, 62.242642018431006, 143.4948831472309)
[08:26:30] [Server thread/INFO] (persistentarrows) [PersistentArrows Debug] Arrow despawned, checking for respawn: c282df6b-a197-4ed6-bfd4-608d0a089907
[08:26:32] [Server thread/INFO] (persistentarrows) [PersistentArrows Debug] ARROW HIT EVENT:
[08:26:32] [Server thread/INFO] (persistentarrows) [PersistentArrows Debug]   Arrow UUID: 4072fb09-1188-4dbf-bcbc-2d5c47f74bbc
[08:26:32] [Server thread/INFO] (persistentarrows) [PersistentArrows Debug]   Arrow Type: ArrowEntity
[08:26:32] [Server thread/INFO] (persistentarrows) [PersistentArrows Debug]   Target: entity.minecraft.silverfish (UUID: 29cb3deb-4e8f-4b34-a72b-f368f8fea0bf)
[08:26:32] [Server thread/INFO] (persistentarrows) [PersistentArrows Debug]   Target Health: 8.0/8.0
[08:26:32] [Server thread/INFO] (persistentarrows) [PersistentArrows Debug]   Target Position: BlockPos{x=-3, y=62, z=143}
[08:26:32] [Server thread/INFO] (persistentarrows) [PersistentArrows Debug]   Arrow Position: BlockPos{x=-3, y=62, z=143}
[08:26:32] [Server thread/INFO] (persistentarrows) [PersistentArrows Debug]   World: SERVER
[08:26:32] [Server thread/INFO] (persistentarrows) [PersistentArrows Debug]   Arrow Item: item.minecraft.tipped_arrow
[08:26:32] [Server thread/INFO] (persistentarrows) [PersistentArrows Debug]   Is Lingering Potion: false
[08:26:32] [Server thread/INFO] (persistentarrows) [PersistentArrows Debug]   Arrow InGround: UNKNOWN (reflection failed)
[08:26:32] [Server thread/INFO] (persistentarrows) [PersistentArrows Debug]   Arrow Life: 0
[08:26:32] [Server thread/INFO] (persistentarrows) [PersistentArrows Debug] ================================================
[08:26:32] [Server thread/INFO] (persistentarrows) [PersistentArrows Debug] Tracked lingering arrow hit entity: entity.minecraft.silverfish
[08:26:32] [Server thread/INFO] (persistentarrows) [PersistentArrows Debug] Arrow ID: 4072fb09-1188-4dbf-bcbc-2d5c47f74bbc
[08:26:32] [Server thread/INFO] (persistentarrows) [PersistentArrows Debug] Target Health: 8.0
[08:26:32] [Server thread/INFO] (persistentarrows) [PersistentArrows Debug] Lingering arrow impact details:
[08:26:32] [Server thread/INFO] (persistentarrows) [PersistentArrows Debug]   Arrow: 4072fb09-1188-4dbf-bcbc-2d5c47f74bbc
[08:26:32] [Server thread/INFO] (persistentarrows) [PersistentArrows Debug]   Target: entity.minecraft.silverfish
[08:26:32] [Server thread/INFO] (persistentarrows) [PersistentArrows Debug]   Target Health: 8.0/8.0
[08:26:32] [Server thread/INFO] (persistentarrows) [PersistentArrows Debug]   Target Alive: true
[08:26:32] [Server thread/INFO] (persistentarrows) [PersistentArrows Debug] Arrow marked for respawn - target health: 8.0
[08:26:32] [Server thread/INFO] (persistentarrows) [PersistentArrows Debug] Stopped tracking arrow 4072fb09-1188-4dbf-bcbc-2d5c47f74bbc - Reason: Arrow removed: DISCARDED
[08:26:32] [Server thread/INFO] (persistentarrows) [PersistentArrows Debug] Total tracked arrows: 1
[08:26:32] [Server thread/INFO] (persistentarrows) [PersistentArrows Debug] Respawning arrow after despawn: 4072fb09-1188-4dbf-bcbc-2d5c47f74bbc
[08:26:32] [Server thread/INFO] (persistentarrows) [PersistentArrows Debug] Respawning arrow: 4072fb09-1188-4dbf-bcbc-2d5c47f74bbc
[08:26:32] [Server thread/INFO] (persistentarrows) [PersistentArrows Debug]   Type: item.minecraft.tipped_arrow
[08:26:32] [Server thread/INFO] (persistentarrows) [PersistentArrows Debug]   Position: (-2.4735657028611175, 62.242642018431006, 143.4948831472309)
[08:26:32] [Server thread/INFO] (persistentarrows) [PersistentArrows Debug] Storing arrow data - Type: item.minecraft.tipped_arrow
[08:26:32] [Server thread/INFO] (persistentarrows) [PersistentArrows Debug] Started tracking lingering arrow: b1cd9d94-8079-4568-a21e-792faffed7bf at (-2.4735657028611175, 62.242642018431006, 143.4948831472309)
[08:26:32] [Server thread/INFO] (persistentarrows) [PersistentArrows Debug] Total tracked arrows: 2
[08:26:32] [Server thread/INFO] (persistentarrows) [PersistentArrows Debug] Started tracking respawned arrow: b1cd9d94-8079-4568-a21e-792faffed7bf
[08:26:32] [Server thread/INFO] (persistentarrows) [PersistentArrows Debug] Successfully respawned and re-tracked arrow at (-2.4735657028611175, 62.242642018431006, 143.4948831472309)
[08:26:32] [Server thread/INFO] (persistentarrows) [PersistentArrows Debug] Arrow despawned, checking for respawn: 4072fb09-1188-4dbf-bcbc-2d5c47f74bbc
[08:26:37] [Render thread/INFO] (Minecraft) [System] [CHAT] No entity was found
[08:26:38] [Render thread/INFO] (Minecraft) [System] [CHAT] No entity was found
[08:26:39] [Server thread/INFO] (Minecraft) [Player459: Set own game mode to Spectator Mode]
[08:26:39] [Render thread/INFO] (Minecraft) [System] [CHAT] Set own game mode to Spectator Mode
[08:26:44] [Server thread/INFO] (Minecraft) [Player459: Set own game mode to Creative Mode]
[08:26:44] [Render thread/INFO] (Minecraft) [System] [CHAT] Set own game mode to Creative Mode
[08:26:45] [Server thread/INFO] (Minecraft) Saving and pausing game...
[08:26:45] [Server thread/INFO] (Minecraft) Saving chunks for level 'ServerLevel[New World]'/minecraft:overworld
[08:26:45] [Server thread/INFO] (Minecraft) Saving chunks for level 'ServerLevel[New World]'/minecraft:the_nether
[08:26:45] [Server thread/INFO] (Minecraft) Saving chunks for level 'ServerLevel[New World]'/minecraft:the_end
[08:26:46] [Server thread/INFO] (Minecraft) Player459 lost connection: Disconnected
[08:26:46] [Server thread/INFO] (Minecraft) Player459 left the game
[08:26:46] [Server thread/INFO] (Minecraft) Stopping singleplayer server as player logged out
[08:26:46] [Server thread/INFO] (Minecraft) Stopping server
[08:26:46] [Server thread/INFO] (Minecraft) Saving players
[08:26:46] [Server thread/INFO] (Minecraft) Saving worlds
[08:26:46] [Server thread/INFO] (Minecraft) Saving chunks for level 'ServerLevel[New World]'/minecraft:overworld
[08:26:47] [Server thread/INFO] (Minecraft) Saving chunks for level 'ServerLevel[New World]'/minecraft:the_nether
[08:26:47] [Server thread/INFO] (Minecraft) Saving chunks for level 'ServerLevel[New World]'/minecraft:the_end
[08:26:47] [Server thread/INFO] (Minecraft) ThreadedAnvilChunkStorage (New World): All chunks are saved
[08:26:47] [Server thread/INFO] (Minecraft) ThreadedAnvilChunkStorage (DIM-1): All chunks are saved
[08:26:47] [Server thread/INFO] (Minecraft) ThreadedAnvilChunkStorage (DIM1): All chunks are saved
[08:26:47] [Server thread/INFO] (Minecraft) ThreadedAnvilChunkStorage: All dimensions are saved
[08:26:48] [Render thread/INFO] (Minecraft) Stopping!
